07/23/25 10:31:12 PM - AutomationLogger - INFO - ****TestLogin****
07/23/25 10:31:12 PM - AutomationLogger - INFO - ****Verifying homepage title****
07/23/25 10:31:16 PM - AutomationLogger - ERROR - ****homepage title verified****
07/24/25 03:57:53 PM - AutomationLogger - INFO - ****TestLogin****
07/24/25 03:57:53 PM - AutomationLogger - INFO - ****Verifying homepage title****
07/24/25 03:57:55 PM - AutomationLogger - INFO - ****homepage title verified****
07/24/25 03:59:39 PM - AutomationLogger - INFO - ****TestLogin****
07/24/25 03:59:39 PM - AutomationLogger - INFO - ****Verifying homepage title****
07/24/25 03:59:43 PM - AutomationLogger - INFO - ****homepage title verified****
07/24/25 05:36:41 PM - AutomationLogger - INFO - ****TestLogin****
07/24/25 05:36:41 PM - AutomationLogger - INFO - ****Verifying homepage title****
07/24/25 05:36:50 PM - AutomationLogger - INFO - ****homepage title verified****
07/24/25 05:42:12 PM - AutomationLogger - INFO - ****TestLogin****
07/24/25 05:42:12 PM - AutomationLogger - INFO - ****Verifying homepage title****
07/24/25 05:42:15 PM - AutomationLogger - INFO - ****homepage title verified****
07/24/25 05:44:03 PM - AutomationLogger - INFO - ****TestLogin****
07/24/25 05:44:03 PM - AutomationLogger - INFO - ****Verifying homepage title****
07/24/25 05:44:05 PM - AutomationLogger - INFO - ****homepage title verified****
07/24/25 05:48:51 PM - AutomationLogger - INFO - ****TestLogin****
07/24/25 05:48:51 PM - AutomationLogger - INFO - ****Verifying homepage title****
07/24/25 05:48:55 PM - AutomationLogger - INFO - ****homepage title verified****
07/28/25 11:23:56 PM - AutomationLogger - INFO - ****TestLogin_DDT****
07/28/25 11:23:56 PM - AutomationLogger - INFO - ****Testing with username: admin@yourstore.com****
07/28/25 11:24:36 PM - AutomationLogger - INFO - ****TestLogin_DDT****
07/28/25 11:24:36 PM - AutomationLogger - INFO - ****Testing with username: admin@yourstore.com****
07/28/25 11:24:42 PM - AutomationLogger - INFO - Page title after login: Dashboard / nopCommerce administration
07/28/25 11:24:42 PM - AutomationLogger - INFO - ***Login successful for admin@yourstore.com***
07/28/25 11:24:42 PM - AutomationLogger - INFO - Result 'Pass' written to Excel for admin@yourstore.com
07/28/25 11:24:44 PM - AutomationLogger - INFO - ****TestLogin_DDT****
07/28/25 11:24:44 PM - AutomationLogger - INFO - ****Testing with username: admin@yourstore.com****
07/28/25 11:24:50 PM - AutomationLogger - INFO - Page title after login: nopCommerce demo store. Login
07/28/25 11:24:50 PM - AutomationLogger - INFO - ***Login correctly failed for admin@yourstore.com (as expected)***
07/28/25 11:24:50 PM - AutomationLogger - INFO - Result 'Pass' written to Excel for admin@yourstore.com
07/28/25 11:24:52 PM - AutomationLogger - INFO - Page title after login: Dashboard / nopCommerce administration
07/28/25 11:24:52 PM - AutomationLogger - INFO - ***Login successful for admin@yourstore.com***
07/28/25 11:24:52 PM - AutomationLogger - INFO - Result 'Pass' written to Excel for admin@yourstore.com
07/28/25 11:24:53 PM - AutomationLogger - INFO - ****TestLogin_DDT****
07/28/25 11:24:53 PM - AutomationLogger - INFO - ****Testing with username: admin@yourstore.com****
07/28/25 11:24:55 PM - AutomationLogger - INFO - ****TestLogin_DDT****
07/28/25 11:24:55 PM - AutomationLogger - INFO - ****Testing with username: admin@yourstore.com****
07/28/25 11:25:28 PM - AutomationLogger - INFO - Page title after login: nopCommerce demo store. Login
07/28/25 11:25:28 PM - AutomationLogger - INFO - ***Login correctly failed for admin@yourstore.com (as expected)***
07/28/25 11:25:28 PM - AutomationLogger - INFO - Result 'Pass' written to Excel for admin@yourstore.com
07/28/25 11:25:31 PM - AutomationLogger - INFO - ****TestLogin_DDT****
07/28/25 11:25:31 PM - AutomationLogger - INFO - ****Testing with username: admin@yourstore.com****
07/28/25 11:25:41 PM - AutomationLogger - INFO - Page title after login: nopCommerce demo store. Login
07/28/25 11:25:41 PM - AutomationLogger - INFO - ***Login correctly failed for admin@yourstore.com (as expected)***
07/28/25 11:25:41 PM - AutomationLogger - INFO - Result 'Pass' written to Excel for admin@yourstore.com
07/28/25 11:25:44 PM - AutomationLogger - INFO - ****TestLogin_DDT****
07/28/25 11:25:44 PM - AutomationLogger - INFO - ****Testing with username: admin@yourstore.com****
07/28/25 11:25:51 PM - AutomationLogger - INFO - Page title after login: nopCommerce demo store. Login
07/28/25 11:25:51 PM - AutomationLogger - INFO - ***Login correctly failed for admin@yourstore.com (as expected)***
07/28/25 11:25:51 PM - AutomationLogger - INFO - Result 'Pass' written to Excel for admin@yourstore.com
07/28/25 11:25:58 PM - AutomationLogger - INFO - Page title after login: nopCommerce demo store. Login
07/28/25 11:25:58 PM - AutomationLogger - INFO - ***Login correctly failed for admin@yourstore.com (as expected)***
07/28/25 11:25:58 PM - AutomationLogger - INFO - Result 'Pass' written to Excel for admin@yourstore.com
07/28/25 11:26:00 PM - AutomationLogger - INFO - ****TestLogin_DDT****
07/28/25 11:26:00 PM - AutomationLogger - INFO - ****Testing with username: admin@yourstore.com****
07/28/25 11:26:06 PM - AutomationLogger - INFO - Page title after login: nopCommerce demo store. Login
07/28/25 11:26:06 PM - AutomationLogger - INFO - ***Login correctly failed for admin@yourstore.com (as expected)***
07/28/25 11:26:06 PM - AutomationLogger - INFO - Result 'Pass' written to Excel for admin@yourstore.com
